<?xml version="1.0" encoding="UTF-8"?>
<!-- Generated by org.testng.reporters.JUnitReportReporter -->
<testsuite hostname="DESKTOP-HONOJGF" failures="0" tests="3" name="Cucumber2024Automation.runner.TestRunner" time="15.710" errors="0" timestamp="2024-06-12T15:15:35 EDT" skipped="0">
  <testcase classname="Cucumber2024Automation.runner.TestRunner" name="runScenario" time="7.375"/>
  <testcase classname="Cucumber2024Automation.runner.TestRunner" name="runScenario" time="4.232"/>
  <testcase classname="Cucumber2024Automation.runner.TestRunner" name="runScenario" time="4.103"/>
</testsuite> <!-- Cucumber2024Automation.runner.TestRunner -->
